TN:
SF:app.js
FN:29,(anonymous_0)
FN:34,(anonymous_1)
FNF:2
FNH:2
FNDA:2,(anonymous_0)
FNDA:2,(anonymous_1)
DA:5,2
DA:6,2
DA:8,2
DA:10,2
DA:11,2
DA:12,2
DA:13,2
DA:15,2
DA:17,2
DA:19,2
DA:20,2
DA:21,2
DA:22,2
DA:24,2
DA:25,2
DA:26,2
DA:29,2
DA:30,2
DA:34,2
DA:36,2
DA:37,2
DA:39,2
DA:44,2
LF:23
LH:23
BRDA:36,0,0,2
BRDA:36,0,1,0
BRF:2
BRH:1
end_of_record
TN:
SF:config.js
FN:13,getDatabaseUri
FNF:1
FNH:1
FNDA:14,getDatabaseUri
DA:5,7
DA:6,7
DA:8,7
DA:10,7
DA:14,14
DA:22,7
DA:24,7
DA:25,7
DA:26,7
DA:27,7
DA:28,7
DA:29,7
DA:31,7
LF:13
LH:13
BRDA:8,0,0,7
BRDA:8,0,1,6
BRDA:10,1,0,7
BRDA:10,1,1,6
BRDA:14,2,0,11
BRDA:14,2,1,3
BRDA:22,3,0,6
BRDA:22,3,1,1
BRF:8
BRH:8
end_of_record
TN:
SF:db.js
FNF:0
FNH:0
DA:3,4
DA:4,4
DA:5,4
DA:9,4
DA:10,0
DA:17,4
DA:22,4
LF:7
LH:6
BRDA:9,0,0,0
BRDA:9,0,1,4
BRF:2
BRH:1
end_of_record
TN:
SF:expressError.js
FN:8,(anonymous_0)
FN:18,(anonymous_1)
FN:26,(anonymous_2)
FN:34,(anonymous_3)
FN:42,(anonymous_4)
FNF:5
FNH:4
FNDA:15,(anonymous_0)
FNDA:8,(anonymous_1)
FNDA:3,(anonymous_2)
FNDA:4,(anonymous_3)
FNDA:0,(anonymous_4)
DA:9,15
DA:10,15
DA:11,15
DA:19,8
DA:27,3
DA:35,4
DA:43,0
DA:47,5
LF:8
LH:7
BRDA:18,0,0,2
BRDA:26,1,0,1
BRDA:34,2,0,0
BRDA:42,3,0,0
BRF:4
BRH:2
end_of_record
TN:
SF:helpers/sql.js
FN:5,sqlForPartialUpdate
FN:10,(anonymous_1)
FNF:2
FNH:2
FNDA:8,sqlForPartialUpdate
FNDA:18,(anonymous_1)
DA:1,4
DA:6,8
DA:7,8
DA:10,6
DA:11,18
DA:14,6
DA:20,4
LF:7
LH:7
BRDA:7,0,0,2
BRDA:7,0,1,6
BRDA:11,1,0,18
BRDA:11,1,1,8
BRF:4
BRH:4
end_of_record
TN:
SF:helpers/tokens.js
FN:6,createToken
FNF:1
FNH:1
FNDA:5,createToken
DA:1,3
DA:2,3
DA:7,5
DA:10,5
DA:15,5
DA:18,3
LF:6
LH:6
BRDA:12,0,0,5
BRDA:12,0,1,3
BRF:2
BRH:2
end_of_record
TN:
SF:middleware/auth.js
FN:18,authenticateJWT
FN:36,ensureLoggedIn
FNF:2
FNH:2
FNDA:6,authenticateJWT
FNDA:3,ensureLoggedIn
DA:5,3
DA:6,3
DA:7,3
DA:19,6
DA:20,6
DA:21,6
DA:22,3
DA:23,3
DA:25,5
DA:27,1
DA:37,3
DA:38,3
DA:39,2
DA:41,1
DA:46,3
LF:15
LH:15
BRDA:20,0,0,6
BRDA:20,0,1,5
BRDA:21,1,0,3
BRDA:21,1,1,3
BRDA:38,2,0,1
BRDA:38,2,1,2
BRF:6
BRH:6
end_of_record
TN:
SF:models/_testCommon.js
FN:6,commonBeforeAll
FN:32,commonBeforeEach
FN:36,commonAfterEach
FN:40,commonAfterAll
FNF:4
FNH:4
FNDA:2,commonBeforeAll
FNDA:26,commonBeforeEach
FNDA:26,commonAfterEach
FNDA:2,commonAfterAll
DA:1,2
DA:3,2
DA:4,2
DA:8,2
DA:10,2
DA:12,2
DA:18,2
DA:33,26
DA:37,26
DA:41,2
DA:44,2
LF:11
LH:11
BRF:0
BRH:0
end_of_record
TN:
SF:models/company.js
FN:19,(anonymous_0)
FN:52,(anonymous_1)
FN:72,(anonymous_2)
FN:102,(anonymous_3)
FN:132,(anonymous_4)
FNF:5
FNH:5
FNDA:6,(anonymous_0)
FNDA:1,(anonymous_1)
FNDA:2,(anonymous_2)
FNDA:4,(anonymous_3)
FNDA:2,(anonymous_4)
DA:3,3
DA:4,3
DA:5,3
DA:20,6
DA:26,6
DA:27,1
DA:29,5
DA:42,5
DA:44,5
DA:53,1
DA:61,1
DA:73,2
DA:83,2
DA:85,2
DA:87,1
DA:103,4
DA:109,3
DA:111,3
DA:119,3
DA:120,3
DA:122,3
DA:124,2
DA:133,2
DA:139,2
DA:141,2
DA:146,3
LF:26
LH:26
BRDA:26,0,0,1
BRDA:26,0,1,5
BRDA:85,1,0,1
BRDA:85,1,1,1
BRDA:122,2,0,1
BRDA:122,2,1,2
BRDA:141,3,0,1
BRDA:141,3,1,1
BRF:8
BRH:8
end_of_record
TN:
SF:models/user.js
FN:20,(anonymous_0)
FN:55,(anonymous_1)
FN:92,(anonymous_2)
FN:114,(anonymous_3)
FN:150,(anonymous_4)
FN:181,(anonymous_5)
FNF:6
FNH:6
FNDA:3,(anonymous_0)
FNDA:8,(anonymous_1)
FNDA:1,(anonymous_2)
FNDA:2,(anonymous_3)
FNDA:4,(anonymous_4)
FNDA:2,(anonymous_5)
DA:3,3
DA:4,3
DA:5,3
DA:6,3
DA:8,3
DA:22,3
DA:34,3
DA:36,3
DA:38,1
DA:39,1
DA:40,1
DA:41,1
DA:45,2
DA:56,8
DA:63,8
DA:64,1
DA:67,7
DA:69,7
DA:82,7
DA:84,7
DA:93,1
DA:103,1
DA:115,2
DA:126,2
DA:128,2
DA:130,1
DA:151,4
DA:152,1
DA:155,4
DA:160,3
DA:162,3
DA:170,3
DA:171,3
DA:173,3
DA:175,2
DA:176,2
DA:182,2
DA:189,2
DA:191,2
DA:195,3
LF:40
LH:40
BRDA:36,0,0,1
BRDA:36,0,1,2
BRDA:39,1,0,1
BRDA:39,1,1,0
BRDA:63,2,0,1
BRDA:63,2,1,7
BRDA:128,3,0,1
BRDA:128,3,1,1
BRDA:151,4,0,1
BRDA:151,4,1,3
BRDA:173,5,0,1
BRDA:173,5,1,2
BRDA:191,6,0,1
BRDA:191,6,1,1
BRF:14
BRH:13
end_of_record
TN:
SF:routes/_testCommon.js
FN:9,commonBeforeAll
FN:63,commonBeforeEach
FN:67,commonAfterEach
FN:71,commonAfterAll
FNF:4
FNH:4
FNDA:1,commonBeforeAll
FNDA:1,commonBeforeEach
FNDA:1,commonAfterEach
FNDA:1,commonAfterAll
DA:3,1
DA:4,1
DA:5,1
DA:6,1
DA:7,1
DA:11,1
DA:13,1
DA:15,1
DA:22,1
DA:29,1
DA:37,1
DA:45,1
DA:53,1
DA:64,1
DA:68,1
DA:72,1
DA:75,1
DA:77,1
LF:18
LH:18
BRF:0
BRH:0
end_of_record
TN:
SF:routes/auth.js
FN:22,(anonymous_0)
FN:26,(anonymous_1)
FN:49,(anonymous_2)
FN:53,(anonymous_3)
FNF:4
FNH:0
FNDA:0,(anonymous_0)
FNDA:0,(anonymous_1)
FNDA:0,(anonymous_2)
FNDA:0,(anonymous_3)
DA:5,2
DA:7,2
DA:8,2
DA:9,2
DA:10,2
DA:11,2
DA:12,2
DA:13,2
DA:22,2
DA:23,0
DA:24,0
DA:25,0
DA:26,0
DA:27,0
DA:30,0
DA:31,0
DA:32,0
DA:33,0
DA:35,0
DA:49,2
DA:50,0
DA:51,0
DA:52,0
DA:53,0
DA:54,0
DA:57,0
DA:58,0
DA:59,0
DA:61,0
DA:66,2
LF:30
LH:11
BRDA:25,0,0,0
BRDA:25,0,1,0
BRDA:52,1,0,0
BRDA:52,1,1,0
BRF:4
BRH:0
end_of_record
TN:
SF:routes/companies.js
FN:27,(anonymous_0)
FN:31,(anonymous_1)
FN:53,(anonymous_2)
FN:70,(anonymous_3)
FN:90,(anonymous_4)
FN:94,(anonymous_5)
FN:110,(anonymous_6)
FNF:7
FNH:0
FNDA:0,(anonymous_0)
FNDA:0,(anonymous_1)
FNDA:0,(anonymous_2)
FNDA:0,(anonymous_3)
FNDA:0,(anonymous_4)
FNDA:0,(anonymous_5)
FNDA:0,(anonymous_6)
DA:5,2
DA:6,2
DA:8,2
DA:9,2
DA:10,2
DA:12,2
DA:13,2
DA:15,2
DA:27,2
DA:28,0
DA:29,0
DA:30,0
DA:31,0
DA:32,0
DA:35,0
DA:36,0
DA:38,0
DA:53,2
DA:54,0
DA:55,0
DA:56,0
DA:58,0
DA:70,2
DA:71,0
DA:72,0
DA:73,0
DA:75,0
DA:90,2
DA:91,0
DA:92,0
DA:93,0
DA:94,0
DA:95,0
DA:98,0
DA:99,0
DA:101,0
DA:110,2
DA:111,0
DA:112,0
DA:113,0
DA:115,0
DA:120,2
LF:42
LH:14
BRDA:30,0,0,0
BRDA:30,0,1,0
BRDA:93,1,0,0
BRDA:93,1,1,0
BRF:4
BRH:0
end_of_record
TN:
SF:routes/users.js
FN:30,(anonymous_0)
FN:34,(anonymous_1)
FN:54,(anonymous_2)
FN:71,(anonymous_3)
FN:91,(anonymous_4)
FN:95,(anonymous_5)
FN:112,(anonymous_6)
FNF:7
FNH:1
FNDA:1,(anonymous_0)
FNDA:0,(anonymous_1)
FNDA:0,(anonymous_2)
FNDA:0,(anonymous_3)
FNDA:0,(anonymous_4)
FNDA:0,(anonymous_5)
FNDA:0,(anonymous_6)
DA:5,2
DA:7,2
DA:8,2
DA:9,2
DA:10,2
DA:11,2
DA:12,2
DA:13,2
DA:15,2
DA:30,2
DA:31,1
DA:32,1
DA:33,1
DA:34,0
DA:35,0
DA:38,1
DA:39,1
DA:40,1
DA:42,0
DA:54,2
DA:55,0
DA:56,0
DA:57,0
DA:59,0
DA:71,2
DA:72,0
DA:73,0
DA:74,0
DA:76,0
DA:91,2
DA:92,0
DA:93,0
DA:94,0
DA:95,0
DA:96,0
DA:99,0
DA:100,0
DA:102,0
DA:112,2
DA:113,0
DA:114,0
DA:115,0
DA:117,0
DA:122,2
LF:44
LH:21
BRDA:33,0,0,0
BRDA:33,0,1,1
BRDA:94,1,0,0
BRDA:94,1,1,0
BRF:4
BRH:1
end_of_record
